{"/Users/faye/Documents/WebLearning/Jest_Learning/lesson3/math.js": {"path":"/Users/faye/Documents/WebLearning/Jest_Learning/lesson3/math.js","statementMap":{"0":{"start":{"line":4,"column":4},"end":{"line":4,"column":15}},"1":{"start":{"line":8,"column":0},"end":{"line":14,"column":1}},"2":{"start":{"line":9,"column":4},"end":{"line":11,"column":5}}},"fnMap":{"0":{"name":"add","decl":{"start":{"line":3,"column":9},"end":{"line":3,"column":12}},"loc":{"start":{"line":3,"column":17},"end":{"line":5,"column":1}},"line":3}},"branchMap":{},"s":{"0":1,"1":1,"2":1},"f":{"0":1},"b":{},"_coverageSchema":"43e27e138ebf9cfc5966b082cf9a028302ed4184","hash":"13ace4b4e92c4e6306e105d947fdaa1b25fc6b2b"}
}
